c:\users\jmc_o\desktop\psw\a02_3\mainproject_server\x64\release\vc143.pdb
c:\users\jmc_o\desktop\psw\a02_3\mainproject_server\x64\release\shoe.obj
c:\users\jmc_o\desktop\psw\a02_3\mainproject_server\x64\release\server.obj
c:\users\jmc_o\desktop\psw\a02_3\mainproject_server\x64\release\network.obj
c:\users\jmc_o\desktop\psw\a02_3\mainproject_server\x64\release\main.obj
c:\users\jmc_o\desktop\psw\a02_3\mainproject_server\x64\release\hand.obj
c:\users\jmc_o\desktop\psw\a02_3\mainproject_server\x64\release\game.obj
c:\users\jmc_o\desktop\psw\a02_3\mainproject_server\x64\release\gambler.obj
c:\users\jmc_o\desktop\psw\a02_3\mainproject_server\x64\release\deck.obj
c:\users\jmc_o\desktop\psw\a02_3\mainproject_server\x64\release\dealer.obj
c:\users\jmc_o\desktop\psw\a02_3\mainproject_server\x64\release\card.obj
c:\users\jmc_o\desktop\psw\a02_3\mainproject_server\x64\release\account.obj
c:\users\jmc_o\desktop\psw\a02_3\mainproject_server\x64\release\mainproject_server.exe
c:\users\jmc_o\desktop\psw\a02_3\mainproject_server\x64\release\mainproject_server.pdb
c:\users\jmc_o\desktop\psw\a02_3\mainproject_server\x64\release\mainproject_server.ipdb
c:\users\jmc_o\desktop\psw\a02_3\mainproject_server\x64\release\mainproject_server.iobj
c:\users\jmc_o\desktop\psw\a02_3\mainproject_server\x64\release\gtest.pdb
c:\users\jmc_o\desktop\psw\a02_3\mainproject_server\x64\release\gtest_main.pdb
c:\users\jmc_o\desktop\psw\a02_3\mainproject_server\x64\release\unittest.pdb
c:\users\jmc_o\desktop\psw\a02_3\mainproject_server\x64\release\mainproj.6ba4b3c9.tlog\cl.command.1.tlog
c:\users\jmc_o\desktop\psw\a02_3\mainproject_server\x64\release\mainproj.6ba4b3c9.tlog\cl.items.tlog
c:\users\jmc_o\desktop\psw\a02_3\mainproject_server\x64\release\mainproj.6ba4b3c9.tlog\cl.read.1.tlog
c:\users\jmc_o\desktop\psw\a02_3\mainproject_server\x64\release\mainproj.6ba4b3c9.tlog\cl.write.1.tlog
c:\users\jmc_o\desktop\psw\a02_3\mainproject_server\x64\release\mainproj.6ba4b3c9.tlog\link.command.1.tlog
c:\users\jmc_o\desktop\psw\a02_3\mainproject_server\x64\release\mainproj.6ba4b3c9.tlog\link.read.1.tlog
c:\users\jmc_o\desktop\psw\a02_3\mainproject_server\x64\release\mainproj.6ba4b3c9.tlog\link.write.1.tlog
c:\users\jmc_o\desktop\psw\a02_3\mainproject_server\x64\release\mainproj.6ba4b3c9.tlog\link.write.2u.tlog
